<?xml version="1.0" encoding="UTF-8"?>
<!-- Generated by org.testng.reporters.JUnitReportReporter -->
<testsuite hostname="DESKTOP-5FD977D" failures="0" tests="1" name="demoqa.Iframe" time="0.242" errors="0" timestamp="15 Jun 2023 05:39:41 GMT" skipped="0">
  <testcase classname="demoqa.Iframe" name="singleFrame" time="0.242"/>
</testsuite> <!-- demoqa.Iframe -->
