<?xml version="1.0" encoding="UTF-8"?>
<!-- Generated by org.testng.reporters.JUnitReportReporter -->
<testsuite hostname="DESKTOP-5FD977D" failures="0" tests="1" name="demoqa.accordian" time="5.990" errors="0" timestamp="23 Jun 2023 06:09:39 GMT" skipped="0">
  <testcase classname="demoqa.accordian" name="clickAccodian" time="5.990"/>
</testsuite> <!-- demoqa.accordian -->
