<?xml version="1.0" encoding="UTF-8"?>
<!-- Generated by org.testng.reporters.JUnitReportReporter -->
<testsuite hostname="DESKTOP-5FD977D" failures="0" tests="2" name="demoqa.Datepicker" time="3.516" errors="0" timestamp="22 Jun 2023 06:57:50 GMT" skipped="0">
  <testcase classname="demoqa.Datepicker" name="datePickerFrom" time="0.757"/>
  <testcase classname="demoqa.Datepicker" name="datePickerTo" time="2.759"/>
</testsuite> <!-- demoqa.Datepicker -->
