<?xml version="1.0" encoding="UTF-8"?>
<!-- Generated by org.testng.reporters.JUnitReportReporter -->
<testsuite hostname="DESKTOP-5FD977D" failures="0" tests="1" name="demoqa.Nestedframe" time="2.365" errors="0" timestamp="15 Jun 2023 05:54:15 GMT" skipped="0">
  <testcase classname="demoqa.Nestedframe" name="nestedFrame" time="2.365"/>
</testsuite> <!-- demoqa.Nestedframe -->
