<?xml version="1.0" encoding="UTF-8"?>
<!-- Generated by org.testng.reporters.JUnitReportReporter -->
<testsuite hostname="DESKTOP-5FD977D" failures="0" tests="1" name="demoqa.Test1" time="4.985" errors="0" timestamp="09 Jun 2023 06:23:27 GMT" skipped="0">
  <testcase classname="demoqa.Test1" name="handleTextBox" time="4.985"/>
</testsuite> <!-- demoqa.Test1 -->
