<?xml version="1.0" encoding="UTF-8"?>
<!-- Generated by org.testng.reporters.JUnitReportReporter -->
<testsuite hostname="DESKTOP-5FD977D" failures="0" tests="1" name="Pratice.menu" time="0.634" errors="0" timestamp="23 Jun 2023 10:13:15 GMT" skipped="0">
  <testcase classname="Pratice.menu" name="menu" time="0.634"/>
</testsuite> <!-- Pratice.menu -->
