<?xml version="1.0" encoding="UTF-8"?>
<!-- Generated by org.testng.reporters.JUnitReportReporter -->
<testsuite hostname="DESKTOP-5FD977D" failures="0" tests="1" name="demoqa.slide_bar" time="0.295" errors="0" timestamp="27 Jun 2023 10:28:09 GMT" skipped="0">
  <testcase classname="demoqa.slide_bar" name="slidebar" time="0.295"/>
</testsuite> <!-- demoqa.slide_bar -->
