<?xml version="1.0" encoding="UTF-8"?>
<!-- Generated by org.testng.reporters.JUnitReportReporter -->
<testsuite hostname="DESKTOP-5FD977D" failures="0" tests="8" name="demoqa.Practice_form" time="23.521" errors="0" timestamp="22 Jun 2023 06:28:10 GMT" skipped="0">
  <testcase classname="demoqa.Practice_form" name="enterdata" time="1.385"/>
  <testcase classname="demoqa.Practice_form" name="subject_dropdown" time="4.689"/>
  <testcase classname="demoqa.Practice_form" name="dropdown" time="5.443"/>
  <testcase classname="demoqa.Practice_form" name="gender" time="0.230"/>
  <testcase classname="demoqa.Practice_form" name="upload_image" time="10.119"/>
  <testcase classname="demoqa.Practice_form" name="hobbies" time="0.229"/>
  <testcase classname="demoqa.Practice_form" name="datepicker" time="1.281"/>
  <testcase classname="demoqa.Practice_form" name="submit" time="0.145"/>
</testsuite> <!-- demoqa.Practice_form -->
