<?xml version="1.0" encoding="UTF-8"?>
<!-- Generated by org.testng.reporters.JUnitReportReporter -->
<testsuite hostname="DESKTOP-5FD977D" failures="0" tests="4" name="demoqa.Alert" time="6.800" errors="0" timestamp="13 Jun 2023 06:10:28 GMT" skipped="0">
  <testcase classname="demoqa.Alert" name="alert1" time="0.250"/>
  <testcase classname="demoqa.Alert" name="alert2" time="6.193"/>
  <testcase classname="demoqa.Alert" name="alert3" time="0.113"/>
  <testcase classname="demoqa.Alert" name="alert4" time="0.244"/>
</testsuite> <!-- demoqa.Alert -->
