<?xml version="1.0" encoding="UTF-8"?>
<!-- Generated by org.testng.reporters.JUnitReportReporter -->
<testsuite hostname="DESKTOP-5FD977D" failures="0" tests="1" name="demoqa.textbox" time="1.433" errors="0" timestamp="09 Jun 2023 11:45:47 GMT" skipped="0">
  <testcase classname="demoqa.textbox" name="handletextbox" time="1.433"/>
</testsuite> <!-- demoqa.textbox -->
