<?xml version="1.0" encoding="UTF-8"?>
<!-- Generated by org.testng.reporters.JUnitReportReporter -->
<testsuite hostname="DESKTOP-5FD977D" failures="0" tests="1" name="Pratice.progress" time="0.269" errors="0" timestamp="29 Jun 2023 10:24:05 GMT" skipped="0">
  <testcase classname="Pratice.progress" name="handleProgressBar" time="0.269"/>
</testsuite> <!-- Pratice.progress -->
