<?xml version="1.0" encoding="UTF-8"?>
<!-- Generated by org.testng.reporters.JUnitReportReporter -->
<testsuite hostname="DESKTOP-5FD977D" failures="0" tests="1" name="Pratice.toottipho" time="0.510" errors="0" timestamp="23 Jun 2023 07:39:54 GMT" skipped="0">
  <testcase classname="Pratice.toottipho" name="hover" time="0.510"/>
</testsuite> <!-- Pratice.toottipho -->
