<?xml version="1.0" encoding="UTF-8"?>
<!-- Generated by org.testng.reporters.JUnitReportReporter -->
<testsuite hostname="DESKTOP-5FD977D" failures="0" tests="2" name="Pratice.autocom" time="7.910" errors="0" timestamp="25 Jun 2023 10:33:23 GMT" skipped="0">
  <testcase classname="Pratice.autocom" name="selectsin" time="6.550"/>
  <testcase classname="Pratice.autocom" name="multiselec" time="1.360"/>
</testsuite> <!-- Pratice.autocom -->
