<?xml version="1.0" encoding="UTF-8"?>
<!-- Generated by org.testng.reporters.JUnitReportReporter -->
<testsuite hostname="DESKTOP-5FD977D" failures="0" tests="1" name="demoqa.Slider" time="0.770" errors="0" timestamp="29 Jun 2023 09:36:31 GMT" skipped="0">
  <testcase classname="demoqa.Slider" name="slider" time="0.770"/>
</testsuite> <!-- demoqa.Slider -->
